E:\XIAOBO.PROGRAMMING\LAB_SOLUTION\DEBUG\LAB2_EX1_IF.EXE
E:\XIAOBO.PROGRAMMING\LAB_SOLUTION\DEBUG\LAB2_EX1_IF.ILK
E:\XIAOBO.PROGRAMMING\LAB_SOLUTION\DEBUG\LAB2_EX1_IF.PDB
E:\xiaobo.programming\Lab_Solution\Lab2_Ex1_if\Debug\cl.command.1.tlog
E:\xiaobo.programming\Lab_Solution\Lab2_Ex1_if\Debug\CL.read.1.tlog
E:\xiaobo.programming\Lab_Solution\Lab2_Ex1_if\Debug\CL.write.1.tlog
E:\XIAOBO.PROGRAMMING\LAB_SOLUTION\LAB2_EX1_IF\DEBUG\LAB2_EX1_IF.EXE.EMBED.MANIFEST
E:\XIAOBO.PROGRAMMING\LAB_SOLUTION\LAB2_EX1_IF\DEBUG\LAB2_EX1_IF.EXE.EMBED.MANIFEST.RES
E:\XIAOBO.PROGRAMMING\LAB_SOLUTION\LAB2_EX1_IF\DEBUG\LAB2_EX1_IF.EXE.INTERMEDIATE.MANIFEST
E:\XIAOBO.PROGRAMMING\LAB_SOLUTION\LAB2_EX1_IF\DEBUG\LAB2_EX1_IF.OBJ
E:\xiaobo.programming\Lab_Solution\Lab2_Ex1_if\Debug\Lab2_Ex1_if.write.1.tlog
E:\xiaobo.programming\Lab_Solution\Lab2_Ex1_if\Debug\Lab2_Ex1_if_manifest.rc
E:\xiaobo.programming\Lab_Solution\Lab2_Ex1_if\Debug\link.5060.read.1.tlog
E:\xiaobo.programming\Lab_Solution\Lab2_Ex1_if\Debug\link.5060.write.1.tlog
E:\xiaobo.programming\Lab_Solution\Lab2_Ex1_if\Debug\link.5060-cvtres.read.1.tlog
E:\xiaobo.programming\Lab_Solution\Lab2_Ex1_if\Debug\link.5060-cvtres.write.1.tlog
E:\xiaobo.programming\Lab_Solution\Lab2_Ex1_if\Debug\link.command.1.tlog
E:\xiaobo.programming\Lab_Solution\Lab2_Ex1_if\Debug\link.read.1.tlog
E:\xiaobo.programming\Lab_Solution\Lab2_Ex1_if\Debug\link.write.1.tlog
E:\xiaobo.programming\Lab_Solution\Lab2_Ex1_if\Debug\link-cvtres.read.1.tlog
E:\xiaobo.programming\Lab_Solution\Lab2_Ex1_if\Debug\link-cvtres.write.1.tlog
E:\xiaobo.programming\Lab_Solution\Lab2_Ex1_if\Debug\mt.command.1.tlog
E:\xiaobo.programming\Lab_Solution\Lab2_Ex1_if\Debug\mt.read.1.tlog
E:\xiaobo.programming\Lab_Solution\Lab2_Ex1_if\Debug\mt.write.1.tlog
E:\xiaobo.programming\Lab_Solution\Lab2_Ex1_if\Debug\rc.command.1.tlog
E:\xiaobo.programming\Lab_Solution\Lab2_Ex1_if\Debug\rc.read.1.tlog
E:\xiaobo.programming\Lab_Solution\Lab2_Ex1_if\Debug\rc.write.1.tlog
E:\xiaobo.programming\Lab_Solution\Lab2_Ex1_if\Debug\vc100.idb
E:\XIAOBO.PROGRAMMING\LAB_SOLUTION\LAB2_EX1_IF\DEBUG\VC100.PDB
