E:\XIAOBO.PROGRAMMING\LAB_SOLUTION\DEBUG\LAB2_EX2.EXE
E:\XIAOBO.PROGRAMMING\LAB_SOLUTION\DEBUG\LAB2_EX2.ILK
E:\XIAOBO.PROGRAMMING\LAB_SOLUTION\DEBUG\LAB2_EX2.PDB
E:\xiaobo.programming\Lab_Solution\Lab2_Ex2\Debug\cl.command.1.tlog
E:\xiaobo.programming\Lab_Solution\Lab2_Ex2\Debug\CL.read.1.tlog
E:\xiaobo.programming\Lab_Solution\Lab2_Ex2\Debug\CL.write.1.tlog
E:\XIAOBO.PROGRAMMING\LAB_SOLUTION\LAB2_EX2\DEBUG\LAB2_EX2.EXE.EMBED.MANIFEST
E:\XIAOBO.PROGRAMMING\LAB_SOLUTION\LAB2_EX2\DEBUG\LAB2_EX2.EXE.EMBED.MANIFEST.RES
E:\XIAOBO.PROGRAMMING\LAB_SOLUTION\LAB2_EX2\DEBUG\LAB2_EX2.EXE.INTERMEDIATE.MANIFEST
E:\XIAOBO.PROGRAMMING\LAB_SOLUTION\LAB2_EX2\DEBUG\LAB2_EX2.OBJ
E:\xiaobo.programming\Lab_Solution\Lab2_Ex2\Debug\Lab2_Ex2.write.1.tlog
E:\xiaobo.programming\Lab_Solution\Lab2_Ex2\Debug\Lab2_Ex2_manifest.rc
E:\xiaobo.programming\Lab_Solution\Lab2_Ex2\Debug\link.4416.read.1.tlog
E:\xiaobo.programming\Lab_Solution\Lab2_Ex2\Debug\link.4416.write.1.tlog
E:\xiaobo.programming\Lab_Solution\Lab2_Ex2\Debug\link.4416-cvtres.read.1.tlog
E:\xiaobo.programming\Lab_Solution\Lab2_Ex2\Debug\link.4416-cvtres.write.1.tlog
E:\xiaobo.programming\Lab_Solution\Lab2_Ex2\Debug\link.command.1.tlog
E:\xiaobo.programming\Lab_Solution\Lab2_Ex2\Debug\link.read.1.tlog
E:\xiaobo.programming\Lab_Solution\Lab2_Ex2\Debug\link.write.1.tlog
E:\xiaobo.programming\Lab_Solution\Lab2_Ex2\Debug\link-cvtres.read.1.tlog
E:\xiaobo.programming\Lab_Solution\Lab2_Ex2\Debug\link-cvtres.write.1.tlog
E:\xiaobo.programming\Lab_Solution\Lab2_Ex2\Debug\mt.command.1.tlog
E:\xiaobo.programming\Lab_Solution\Lab2_Ex2\Debug\mt.read.1.tlog
E:\xiaobo.programming\Lab_Solution\Lab2_Ex2\Debug\mt.write.1.tlog
E:\xiaobo.programming\Lab_Solution\Lab2_Ex2\Debug\rc.command.1.tlog
E:\xiaobo.programming\Lab_Solution\Lab2_Ex2\Debug\rc.read.1.tlog
E:\xiaobo.programming\Lab_Solution\Lab2_Ex2\Debug\rc.write.1.tlog
E:\xiaobo.programming\Lab_Solution\Lab2_Ex2\Debug\vc100.idb
E:\XIAOBO.PROGRAMMING\LAB_SOLUTION\LAB2_EX2\DEBUG\VC100.PDB
