E:\XIAOBO.PROGRAMMING\LAB_SOLUTION\DEBUG\LAB4_EX3.EXE
E:\XIAOBO.PROGRAMMING\LAB_SOLUTION\DEBUG\LAB4_EX3.ILK
E:\XIAOBO.PROGRAMMING\LAB_SOLUTION\DEBUG\LAB4_EX3.PDB
E:\xiaobo.programming\Lab_Solution\Lab4_Ex3\Debug\cl.command.1.tlog
E:\xiaobo.programming\Lab_Solution\Lab4_Ex3\Debug\CL.read.1.tlog
E:\xiaobo.programming\Lab_Solution\Lab4_Ex3\Debug\CL.write.1.tlog
E:\XIAOBO.PROGRAMMING\LAB_SOLUTION\LAB4_EX3\DEBUG\LAB4_EX3.EXE.EMBED.MANIFEST
E:\XIAOBO.PROGRAMMING\LAB_SOLUTION\LAB4_EX3\DEBUG\LAB4_EX3.EXE.EMBED.MANIFEST.RES
E:\XIAOBO.PROGRAMMING\LAB_SOLUTION\LAB4_EX3\DEBUG\LAB4_EX3.EXE.INTERMEDIATE.MANIFEST
E:\XIAOBO.PROGRAMMING\LAB_SOLUTION\LAB4_EX3\DEBUG\LAB4_EX3.OBJ
E:\xiaobo.programming\Lab_Solution\Lab4_Ex3\Debug\Lab4_Ex3.vcxprojResolveAssemblyReference.cache
E:\xiaobo.programming\Lab_Solution\Lab4_Ex3\Debug\Lab4_Ex3.write.1.tlog
E:\xiaobo.programming\Lab_Solution\Lab4_Ex3\Debug\Lab4_Ex3_manifest.rc
E:\xiaobo.programming\Lab_Solution\Lab4_Ex3\Debug\link.10484.read.1.tlog
E:\xiaobo.programming\Lab_Solution\Lab4_Ex3\Debug\link.10484.write.1.tlog
E:\xiaobo.programming\Lab_Solution\Lab4_Ex3\Debug\link.10484-cvtres.read.1.tlog
E:\xiaobo.programming\Lab_Solution\Lab4_Ex3\Debug\link.10484-cvtres.write.1.tlog
E:\xiaobo.programming\Lab_Solution\Lab4_Ex3\Debug\link.command.1.tlog
E:\xiaobo.programming\Lab_Solution\Lab4_Ex3\Debug\link.read.1.tlog
E:\xiaobo.programming\Lab_Solution\Lab4_Ex3\Debug\link.write.1.tlog
E:\xiaobo.programming\Lab_Solution\Lab4_Ex3\Debug\link-cvtres.read.1.tlog
E:\xiaobo.programming\Lab_Solution\Lab4_Ex3\Debug\link-cvtres.write.1.tlog
E:\xiaobo.programming\Lab_Solution\Lab4_Ex3\Debug\mt.command.1.tlog
E:\xiaobo.programming\Lab_Solution\Lab4_Ex3\Debug\mt.read.1.tlog
E:\xiaobo.programming\Lab_Solution\Lab4_Ex3\Debug\mt.write.1.tlog
E:\xiaobo.programming\Lab_Solution\Lab4_Ex3\Debug\rc.command.1.tlog
E:\xiaobo.programming\Lab_Solution\Lab4_Ex3\Debug\rc.read.1.tlog
E:\xiaobo.programming\Lab_Solution\Lab4_Ex3\Debug\rc.write.1.tlog
E:\xiaobo.programming\Lab_Solution\Lab4_Ex3\Debug\vc100.idb
E:\XIAOBO.PROGRAMMING\LAB_SOLUTION\LAB4_EX3\DEBUG\VC100.PDB
