E:\XIAOBO.PROGRAMMING\LAB_SOLUTION\DEBUG\LAB1_EX1.EXE
E:\XIAOBO.PROGRAMMING\LAB_SOLUTION\DEBUG\LAB1_EX1.ILK
E:\XIAOBO.PROGRAMMING\LAB_SOLUTION\DEBUG\LAB1_EX1.PDB
E:\xiaobo.programming\Lab_Solution\Lab1_Ex1\Debug\cl.command.1.tlog
E:\xiaobo.programming\Lab_Solution\Lab1_Ex1\Debug\CL.read.1.tlog
E:\xiaobo.programming\Lab_Solution\Lab1_Ex1\Debug\CL.write.1.tlog
E:\XIAOBO.PROGRAMMING\LAB_SOLUTION\LAB1_EX1\DEBUG\LAB1_EX1.EXE.EMBED.MANIFEST
E:\XIAOBO.PROGRAMMING\LAB_SOLUTION\LAB1_EX1\DEBUG\LAB1_EX1.EXE.EMBED.MANIFEST.RES
E:\XIAOBO.PROGRAMMING\LAB_SOLUTION\LAB1_EX1\DEBUG\LAB1_EX1.EXE.INTERMEDIATE.MANIFEST
E:\XIAOBO.PROGRAMMING\LAB_SOLUTION\LAB1_EX1\DEBUG\LAB1_EX1.OBJ
E:\xiaobo.programming\Lab_Solution\Lab1_Ex1\Debug\Lab1_Ex1.write.1.tlog
E:\xiaobo.programming\Lab_Solution\Lab1_Ex1\Debug\Lab1_Ex1_manifest.rc
E:\xiaobo.programming\Lab_Solution\Lab1_Ex1\Debug\link.5940.read.1.tlog
E:\xiaobo.programming\Lab_Solution\Lab1_Ex1\Debug\link.5940.write.1.tlog
E:\xiaobo.programming\Lab_Solution\Lab1_Ex1\Debug\link.5940-cvtres.read.1.tlog
E:\xiaobo.programming\Lab_Solution\Lab1_Ex1\Debug\link.5940-cvtres.write.1.tlog
E:\xiaobo.programming\Lab_Solution\Lab1_Ex1\Debug\link.command.1.tlog
E:\xiaobo.programming\Lab_Solution\Lab1_Ex1\Debug\link.read.1.tlog
E:\xiaobo.programming\Lab_Solution\Lab1_Ex1\Debug\link.write.1.tlog
E:\xiaobo.programming\Lab_Solution\Lab1_Ex1\Debug\link-cvtres.read.1.tlog
E:\xiaobo.programming\Lab_Solution\Lab1_Ex1\Debug\link-cvtres.write.1.tlog
E:\xiaobo.programming\Lab_Solution\Lab1_Ex1\Debug\mt.command.1.tlog
E:\xiaobo.programming\Lab_Solution\Lab1_Ex1\Debug\mt.read.1.tlog
E:\xiaobo.programming\Lab_Solution\Lab1_Ex1\Debug\mt.write.1.tlog
E:\xiaobo.programming\Lab_Solution\Lab1_Ex1\Debug\rc.command.1.tlog
E:\xiaobo.programming\Lab_Solution\Lab1_Ex1\Debug\rc.read.1.tlog
E:\xiaobo.programming\Lab_Solution\Lab1_Ex1\Debug\rc.write.1.tlog
E:\xiaobo.programming\Lab_Solution\Lab1_Ex1\Debug\vc100.idb
E:\XIAOBO.PROGRAMMING\LAB_SOLUTION\LAB1_EX1\DEBUG\VC100.PDB
