E:\XIAOBO.PROGRAMMING\LAB_SOLUTION\DEBUG\LAB2_EX4.EXE
E:\XIAOBO.PROGRAMMING\LAB_SOLUTION\DEBUG\LAB2_EX4.ILK
E:\XIAOBO.PROGRAMMING\LAB_SOLUTION\DEBUG\LAB2_EX4.PDB
E:\xiaobo.programming\Lab_Solution\Lab2_Ex4\Debug\cl.command.1.tlog
E:\xiaobo.programming\Lab_Solution\Lab2_Ex4\Debug\CL.read.1.tlog
E:\xiaobo.programming\Lab_Solution\Lab2_Ex4\Debug\CL.write.1.tlog
E:\XIAOBO.PROGRAMMING\LAB_SOLUTION\LAB2_EX4\DEBUG\LAB2_EX4.EXE.EMBED.MANIFEST
E:\XIAOBO.PROGRAMMING\LAB_SOLUTION\LAB2_EX4\DEBUG\LAB2_EX4.EXE.EMBED.MANIFEST.RES
E:\XIAOBO.PROGRAMMING\LAB_SOLUTION\LAB2_EX4\DEBUG\LAB2_EX4.EXE.INTERMEDIATE.MANIFEST
E:\XIAOBO.PROGRAMMING\LAB_SOLUTION\LAB2_EX4\DEBUG\LAB2_EX4.OBJ
E:\xiaobo.programming\Lab_Solution\Lab2_Ex4\Debug\Lab2_Ex4.write.1.tlog
E:\xiaobo.programming\Lab_Solution\Lab2_Ex4\Debug\Lab2_Ex4_manifest.rc
E:\xiaobo.programming\Lab_Solution\Lab2_Ex4\Debug\link.4320.read.1.tlog
E:\xiaobo.programming\Lab_Solution\Lab2_Ex4\Debug\link.4320.write.1.tlog
E:\xiaobo.programming\Lab_Solution\Lab2_Ex4\Debug\link.4320-cvtres.read.1.tlog
E:\xiaobo.programming\Lab_Solution\Lab2_Ex4\Debug\link.4320-cvtres.write.1.tlog
E:\xiaobo.programming\Lab_Solution\Lab2_Ex4\Debug\link.command.1.tlog
E:\xiaobo.programming\Lab_Solution\Lab2_Ex4\Debug\link.read.1.tlog
E:\xiaobo.programming\Lab_Solution\Lab2_Ex4\Debug\link.write.1.tlog
E:\xiaobo.programming\Lab_Solution\Lab2_Ex4\Debug\link-cvtres.read.1.tlog
E:\xiaobo.programming\Lab_Solution\Lab2_Ex4\Debug\link-cvtres.write.1.tlog
E:\xiaobo.programming\Lab_Solution\Lab2_Ex4\Debug\mt.command.1.tlog
E:\xiaobo.programming\Lab_Solution\Lab2_Ex4\Debug\mt.read.1.tlog
E:\xiaobo.programming\Lab_Solution\Lab2_Ex4\Debug\mt.write.1.tlog
E:\xiaobo.programming\Lab_Solution\Lab2_Ex4\Debug\rc.command.1.tlog
E:\xiaobo.programming\Lab_Solution\Lab2_Ex4\Debug\rc.read.1.tlog
E:\xiaobo.programming\Lab_Solution\Lab2_Ex4\Debug\rc.write.1.tlog
E:\xiaobo.programming\Lab_Solution\Lab2_Ex4\Debug\vc100.idb
E:\XIAOBO.PROGRAMMING\LAB_SOLUTION\LAB2_EX4\DEBUG\VC100.PDB
