E:\XIAOBO.PROGRAMMING\LAB_SOLUTION\DEBUG\LAB2_EX1_SWITCH.EXE
E:\XIAOBO.PROGRAMMING\LAB_SOLUTION\DEBUG\LAB2_EX1_SWITCH.ILK
E:\XIAOBO.PROGRAMMING\LAB_SOLUTION\DEBUG\LAB2_EX1_SWITCH.PDB
E:\xiaobo.programming\Lab_Solution\Lab2_Ex1_switch\Debug\cl.command.1.tlog
E:\xiaobo.programming\Lab_Solution\Lab2_Ex1_switch\Debug\CL.read.1.tlog
E:\xiaobo.programming\Lab_Solution\Lab2_Ex1_switch\Debug\CL.write.1.tlog
E:\XIAOBO.PROGRAMMING\LAB_SOLUTION\LAB2_EX1_SWITCH\DEBUG\LAB2_EX1_SWITCH.EXE.EMBED.MANIFEST
E:\XIAOBO.PROGRAMMING\LAB_SOLUTION\LAB2_EX1_SWITCH\DEBUG\LAB2_EX1_SWITCH.EXE.EMBED.MANIFEST.RES
E:\XIAOBO.PROGRAMMING\LAB_SOLUTION\LAB2_EX1_SWITCH\DEBUG\LAB2_EX1_SWITCH.EXE.INTERMEDIATE.MANIFEST
E:\XIAOBO.PROGRAMMING\LAB_SOLUTION\LAB2_EX1_SWITCH\DEBUG\LAB2_EX1_SWITCH.OBJ
E:\xiaobo.programming\Lab_Solution\Lab2_Ex1_switch\Debug\Lab2_Ex1_switch.write.1.tlog
E:\xiaobo.programming\Lab_Solution\Lab2_Ex1_switch\Debug\Lab2_Ex1_switch_manifest.rc
E:\xiaobo.programming\Lab_Solution\Lab2_Ex1_switch\Debug\link.948.read.1.tlog
E:\xiaobo.programming\Lab_Solution\Lab2_Ex1_switch\Debug\link.948.write.1.tlog
E:\xiaobo.programming\Lab_Solution\Lab2_Ex1_switch\Debug\link.948-cvtres.read.1.tlog
E:\xiaobo.programming\Lab_Solution\Lab2_Ex1_switch\Debug\link.948-cvtres.write.1.tlog
E:\xiaobo.programming\Lab_Solution\Lab2_Ex1_switch\Debug\link.command.1.tlog
E:\xiaobo.programming\Lab_Solution\Lab2_Ex1_switch\Debug\link.read.1.tlog
E:\xiaobo.programming\Lab_Solution\Lab2_Ex1_switch\Debug\link.write.1.tlog
E:\xiaobo.programming\Lab_Solution\Lab2_Ex1_switch\Debug\link-cvtres.read.1.tlog
E:\xiaobo.programming\Lab_Solution\Lab2_Ex1_switch\Debug\link-cvtres.write.1.tlog
E:\xiaobo.programming\Lab_Solution\Lab2_Ex1_switch\Debug\mt.command.1.tlog
E:\xiaobo.programming\Lab_Solution\Lab2_Ex1_switch\Debug\mt.read.1.tlog
E:\xiaobo.programming\Lab_Solution\Lab2_Ex1_switch\Debug\mt.write.1.tlog
E:\xiaobo.programming\Lab_Solution\Lab2_Ex1_switch\Debug\rc.command.1.tlog
E:\xiaobo.programming\Lab_Solution\Lab2_Ex1_switch\Debug\rc.read.1.tlog
E:\xiaobo.programming\Lab_Solution\Lab2_Ex1_switch\Debug\rc.write.1.tlog
E:\xiaobo.programming\Lab_Solution\Lab2_Ex1_switch\Debug\vc100.idb
E:\XIAOBO.PROGRAMMING\LAB_SOLUTION\LAB2_EX1_SWITCH\DEBUG\VC100.PDB
